
                           Best        Current           Mean
Iteration   f-count         f(x)         f(x)         temperature
     0          1        3655.31        3655.31            100
    10         11        319.488        319.488          56.88
    20         21        319.488        319.488        34.0562
    30         31        108.306        108.306        20.3907
    40         41        108.306         113.69        12.2087
    50         51        108.306        141.532        7.30977
    60         61        108.306        141.532        4.37663
    70         71        108.306        133.571        2.62045
    80         81        108.306        133.571        1.56896
    90         91        108.306        125.494       0.939395
   100        101        88.7129        88.7129        0.56245
   110        111        87.4141        87.4141        0.33676
   120        121        87.4141        87.4141       0.201631
   130        131        87.4141        87.4141       0.120724
   140        141        87.2225        87.2225      0.0722817
   150        151        87.2225        87.3493      0.0432777
   160        161        87.1038        87.1038       0.025912
   170        171        87.0929        87.0929      0.0155145
   180        181        87.0929        87.0929     0.00928908
   190        191          87.08          87.08     0.00556171
   200        201          87.08          87.08        0.00333
   210        211          87.08        87.0809      0.0019938
   220        221        87.0791        87.0808     0.00119376
   230        231        87.0771        87.0772    0.000714748
   240        241        87.0768        87.0769    0.000427946
   250        251        87.0768         87.077    0.000256227
   260        261        87.0767        87.0767    0.000153413
   270        271        87.0767        87.0767    9.18538e-05
   280        281        87.0767        87.0768    5.49963e-05
   290        291        87.0767        87.0768    3.29283e-05
   300        301        87.0767        87.0768    1.97154e-05

                           Best        Current           Mean
Iteration   f-count         f(x)         f(x)         temperature
   310        311        87.0767        87.0768    1.18043e-05
   320        321        87.0767        87.0768    7.06769e-06
   330        331        87.0767        87.0768    4.23169e-06
   340        341        87.0767        87.0768    2.53367e-06
   350        351        87.0767        87.0768      1.517e-06
   360        361        87.0767        87.0768    9.08284e-07
   370        371        87.0767        87.0768    5.43823e-07
   380        381        87.0767        87.0768    3.25607e-07
   390        391        87.0767        87.0768    1.94953e-07
   400        401        87.0767        87.0768    1.16725e-07
   410        411        87.0767        87.0768    6.98879e-08
   420        421        87.0767        87.0768    4.18444e-08
   430        431        87.0767        87.0768    2.50538e-08
   440        441        87.0767        87.0768    1.50006e-08
   450        451        87.0767        87.0768    8.98144e-09
*  459        463        87.0767        87.0768        28.9756
   460        464        87.0767        87.0768        27.5268
   470        474        87.0767        91.0976        16.4813
   480        484        87.0767        91.0976        9.86798
   490        494        87.0767        91.0976        5.90832
   500        504        87.0767        91.0976        3.53753
   510        514        87.0767        91.1017        2.11805
   520        524        87.0767        87.8121        1.26815
   530        534        87.0767        87.8121       0.759291
   540        544        87.0767        87.8121       0.454616
   550        554        87.0767        87.8121       0.272195
   560        564        87.0767        87.3385       0.162973
   570        574        87.0767        87.3385      0.0975781
   580        584        87.0767        87.2644      0.0584236
   590        594        87.0767        87.2484      0.0349804
   600        604        87.0767        87.0934      0.0209441

                           Best        Current           Mean
Iteration   f-count         f(x)         f(x)         temperature
   610        614        87.0767        87.0934        0.01254
   620        624        87.0767        87.1049     0.00750815
   630        634        87.0767        87.0768     0.00449541
   640        644        87.0767        87.0782     0.00269157
   650        654        87.0767        87.0774     0.00161154
   660        664        87.0767        87.0776    0.000964888
   670        674        87.0767        87.0769    0.000577714
   680        684        87.0767        87.0769    0.000345899
   690        694        87.0767        87.0768    0.000207102
   700        704        87.0767        87.0768       0.000124
   710        714        87.0767        87.0768    7.42433e-05
   720        724        87.0767        87.0767    4.44522e-05
   730        734        87.0767        87.0767    2.66152e-05
   740        744        87.0767        87.0767    1.59355e-05
   750        754        87.0767        87.0767    9.54117e-06
   760        764        87.0767        87.0767    5.71265e-06
   770        774        87.0767        87.0767    3.42037e-06
   780        784        87.0767        87.0767     2.0479e-06
   790        794        87.0767        87.0767    1.22616e-06
   800        804        87.0767        87.0767    7.34145e-07
   810        814        87.0767        87.0767     4.3956e-07
   820        824        87.0767        87.0767    2.63181e-07
   830        834        87.0767        87.0767    1.57576e-07
   840        844        87.0767        87.0767    9.43465e-08
   850        854        87.0767        87.0767    5.64888e-08
   860        864        87.0767        87.0767    3.38219e-08
   870        874        87.0767        87.0767    2.02504e-08
   880        884        87.0767        87.0767    1.21247e-08
*  882        889        87.0767        87.0767        24.3834
   890        897        87.0767        87.0767        16.1764
   900        907        87.0767        89.0775        9.68543

                           Best        Current           Mean
Iteration   f-count         f(x)         f(x)         temperature
   910        917        87.0767        91.5413        5.79902
   920        927        87.0767        87.5082        3.47209
   930        937        87.0767        87.5082        2.07887
   940        947        87.0767         91.435        1.24469
   950        957        87.0767         91.435       0.745245
   960        967        87.0767         91.435       0.446206
   970        977        87.0767         91.435        0.26716
   980        987        87.0767         91.435       0.159958
   990        997        87.0767        87.4573       0.095773
Switching to the hybrid optimization algorithm (FMINCON).
                                            First-order      Norm of
 Iter F-count            f(x)  Feasibility   optimality         step
    0       4    8.707672e+01    0.000e+00    6.723e+01

<a href = "matlab: helpview('optim','local_min_poss_with_constr','CSHelpWindow');">Local minimum possible. Constraints satisfied</a>.

fmincon stopped because the <a href = "matlab: helpview('optim','norm_curr_step_simple_fminconip','CSHelpWindow');">size of the current step</a> is less than
the value of the <a href = "matlab: helpview('optim','step_size_tol','CSHelpWindow');">step size tolerance</a> and constraints are 
satisfied to within the value of the <a href = "matlab: helpview('optim','constraint_tolerance','CSHelpWindow');">constraint tolerance</a>.

<<a href = "matlab: createExitMsg({'optimlib:sqpLineSearch:Exit2basic','fmincon'},{'optimlib:sqpLineSearch:Exit2detailed','1.000000e-10','0.000000e+00','1.000000e-06'},true,true);;">stopping criteria details</a>>
simulannealbnd stopped because it exceeded the function evaluation limit. Increase options.MaxFunctionEvaluations.
FMINCON: 
Local minimum possible. Constraints satisfied.

fmincon stopped because the size of the current step is less than
the value of the step size tolerance and constraints are 
satisfied to within the value of the constraint tolerance.

<stopping criteria details>

Optimization stopped because the relative changes in all elements of x are
less than options.StepTolerance = 1.000000e-10, and the relative maximum constraint
violation, 0.000000e+00, is less than options.ConstraintTolerance = 1.000000e-06.
Elapsed time is 33.167884 seconds.
